{"name": "test_delete_product", "status": "broken", "statusDetails": {"message": "selenium.common.exceptions.ElementClickInterceptedException: Message: element click intercepted: Element <a class=\"enter-with-password\">...</a> is not clickable at point (759, 455). Other element would receive the click: <div class=\"bg-black\"></div>\n  (Session info: chrome=131.0.6778.264)\nStacktrace:\n\tGetHandleVerifier [0x0058FD53+23747]\n\t(No symbol) [0x00517D54]\n\t(No symbol) [0x003EBE53]\n\t(No symbol) [0x00435C57]\n\t(No symbol) [0x004340C3]\n\t(No symbol) [0x00431CCD]\n\t(No symbol) [0x00431034]\n\t(No symbol) [0x00425F57]\n\t(No symbol) [0x00451DFC]\n\t(No symbol) [0x004259A4]\n\t(No symbol) [0x00452094]\n\t(No symbol) [0x0046B41E]\n\t(No symbol) [0x00451B96]\n\t(No symbol) [0x00423F3C]\n\t(No symbol) [0x00424EBD]\n\tGetHandleVerifier [0x0086AC73+3017699]\n\tGetHandleVerifier [0x0087B93B+3086507]\n\tGetHandleVerifier [0x008740F2+3055714]\n\tGetHandleVerifier [0x00625AF0+637536]\n\t(No symbol) [0x00520A5D]\n\t(No symbol) [0x0051DA28]\n\t(No symbol) [0x0051DBC5]\n\t(No symbol) [0x005107F0]\n\tBaseThreadInitThunk [0x764DFCC9+25]\n\tRtlGetAppContainerNamedObjectPath [0x7753809E+286]\n\tRtlGetAppContainerNamedObjectPath [0x7753806E+238]", "trace": "set_up = None, set_group = None\n\n    def test_delete_product(set_up, set_group):\n        \"\"\"Тест удаление товара из корзины\"\"\"\n        options = webdriver.ChromeOptions()\n        driver = webdriver.Chrome(service=ChromeService(ChromeDriverManager().install()), options=options)\n        print(\"Start test 1\")\n    \n        \"\"\" Авторизация \"\"\"\n        login = LoginPage(driver)\n>       login.authorization()       # Проходим авторизацию\n\ntests\\test_delete_product.py:23: \n_ _ _ _ _ _ _ _ _ _ _ _ _ _ _ _ _ _ _ _ _ _ _ _ _ _ _ _ _ _ _ _ _ _ _ _ _ _ _ _ _ _ _ _ _ _ _ _ _ _ _ _ _ _ _ _ _ _ _ _ _ _ _ _ _ _ _ _ _ _ _ _ _ _ _ _ _ _ _ _\npages\\login_page.py:84: in authorization\n    self.click_enter_with_password()        # Нажимаем на кнопку Войти с паролем\npages\\login_page.py:56: in click_enter_with_password\n    self.get_enter_with_password().click()\n..\\mainProject\\.venv\\Lib\\site-packages\\selenium\\webdriver\\remote\\webelement.py:94: in click\n    self._execute(Command.CLICK_ELEMENT)\n..\\mainProject\\.venv\\Lib\\site-packages\\selenium\\webdriver\\remote\\webelement.py:395: in _execute\n    return self._parent.execute(command, params)\n..\\mainProject\\.venv\\Lib\\site-packages\\selenium\\webdriver\\remote\\webdriver.py:384: in execute\n    self.error_handler.check_response(response)\n_ _ _ _ _ _ _ _ _ _ _ _ _ _ _ _ _ _ _ _ _ _ _ _ _ _ _ _ _ _ _ _ _ _ _ _ _ _ _ _ _ _ _ _ _ _ _ _ _ _ _ _ _ _ _ _ _ _ _ _ _ _ _ _ _ _ _ _ _ _ _ _ _ _ _ _ _ _ _ _\n\nself = <selenium.webdriver.remote.errorhandler.ErrorHandler object at 0x0000019C2144FC80>\nresponse = {'status': 400, 'value': '{\"value\":{\"error\":\"element click intercepted\",\"message\":\"element click intercepted: Element ...\\n\\\\tRtlGetAppContainerNamedObjectPath [0x7753809E+286]\\\\n\\\\tRtlGetAppContainerNamedObjectPath [0x7753806E+238]\\\\n\"}}'}\n\n    def check_response(self, response: Dict[str, Any]) -> None:\n        \"\"\"Checks that a JSON response from the WebDriver does not have an\n        error.\n    \n        :Args:\n         - response - The JSON response from the WebDriver server as a dictionary\n           object.\n    \n        :Raises: If the response contains an error message.\n        \"\"\"\n        status = response.get(\"status\", None)\n        if not status or status == ErrorCode.SUCCESS:\n            return\n        value = None\n        message = response.get(\"message\", \"\")\n        screen: str = response.get(\"screen\", \"\")\n        stacktrace = None\n        if isinstance(status, int):\n            value_json = response.get(\"value\", None)\n            if value_json and isinstance(value_json, str):\n                import json\n    \n                try:\n                    value = json.loads(value_json)\n                    if len(value) == 1:\n                        value = value[\"value\"]\n                    status = value.get(\"error\", None)\n                    if not status:\n                        status = value.get(\"status\", ErrorCode.UNKNOWN_ERROR)\n                        message = value.get(\"value\") or value.get(\"message\")\n                        if not isinstance(message, str):\n                            value = message\n                            message = message.get(\"message\")\n                    else:\n                        message = value.get(\"message\", None)\n                except ValueError:\n                    pass\n    \n        exception_class: Type[WebDriverException]\n        e = ErrorCode()\n        error_codes = [item for item in dir(e) if not item.startswith(\"__\")]\n        for error_code in error_codes:\n            error_info = getattr(ErrorCode, error_code)\n            if isinstance(error_info, list) and status in error_info:\n                exception_class = getattr(ExceptionMapping, error_code, WebDriverException)\n                break\n        else:\n            exception_class = WebDriverException\n    \n        if not value:\n            value = response[\"value\"]\n        if isinstance(value, str):\n            raise exception_class(value)\n        if message == \"\" and \"message\" in value:\n            message = value[\"message\"]\n    \n        screen = None  # type: ignore[assignment]\n        if \"screen\" in value:\n            screen = value[\"screen\"]\n    \n        stacktrace = None\n        st_value = value.get(\"stackTrace\") or value.get(\"stacktrace\")\n        if st_value:\n            if isinstance(st_value, str):\n                stacktrace = st_value.split(\"\\n\")\n            else:\n                stacktrace = []\n                try:\n                    for frame in st_value:\n                        line = frame.get(\"lineNumber\", \"\")\n                        file = frame.get(\"fileName\", \"<anonymous>\")\n                        if line:\n                            file = f\"{file}:{line}\"\n                        meth = frame.get(\"methodName\", \"<anonymous>\")\n                        if \"className\" in frame:\n                            meth = f\"{frame['className']}.{meth}\"\n                        msg = \"    at %s (%s)\"\n                        msg = msg % (meth, file)\n                        stacktrace.append(msg)\n                except TypeError:\n                    pass\n        if exception_class == UnexpectedAlertPresentException:\n            alert_text = None\n            if \"data\" in value:\n                alert_text = value[\"data\"].get(\"text\")\n            elif \"alert\" in value:\n                alert_text = value[\"alert\"].get(\"text\")\n            raise exception_class(message, screen, stacktrace, alert_text)  # type: ignore[call-arg]  # mypy is not smart enough here\n>       raise exception_class(message, screen, stacktrace)\nE       selenium.common.exceptions.ElementClickInterceptedException: Message: element click intercepted: Element <a class=\"enter-with-password\">...</a> is not clickable at point (759, 455). Other element would receive the click: <div class=\"bg-black\"></div>\nE         (Session info: chrome=131.0.6778.264)\nE       Stacktrace:\nE       \tGetHandleVerifier [0x0058FD53+23747]\nE       \t(No symbol) [0x00517D54]\nE       \t(No symbol) [0x003EBE53]\nE       \t(No symbol) [0x00435C57]\nE       \t(No symbol) [0x004340C3]\nE       \t(No symbol) [0x00431CCD]\nE       \t(No symbol) [0x00431034]\nE       \t(No symbol) [0x00425F57]\nE       \t(No symbol) [0x00451DFC]\nE       \t(No symbol) [0x004259A4]\nE       \t(No symbol) [0x00452094]\nE       \t(No symbol) [0x0046B41E]\nE       \t(No symbol) [0x00451B96]\nE       \t(No symbol) [0x00423F3C]\nE       \t(No symbol) [0x00424EBD]\nE       \tGetHandleVerifier [0x0086AC73+3017699]\nE       \tGetHandleVerifier [0x0087B93B+3086507]\nE       \tGetHandleVerifier [0x008740F2+3055714]\nE       \tGetHandleVerifier [0x00625AF0+637536]\nE       \t(No symbol) [0x00520A5D]\nE       \t(No symbol) [0x0051DA28]\nE       \t(No symbol) [0x0051DBC5]\nE       \t(No symbol) [0x005107F0]\nE       \tBaseThreadInitThunk [0x764DFCC9+25]\nE       \tRtlGetAppContainerNamedObjectPath [0x7753809E+286]\nE       \tRtlGetAppContainerNamedObjectPath [0x7753806E+238]\n\n..\\mainProject\\.venv\\Lib\\site-packages\\selenium\\webdriver\\remote\\errorhandler.py:232: ElementClickInterceptedException"}, "description": "Тест удаление товара из корзины", "steps": [{"name": "Authorization", "status": "broken", "statusDetails": {"message": "selenium.common.exceptions.ElementClickInterceptedException: Message: element click intercepted: Element <a class=\"enter-with-password\">...</a> is not clickable at point (759, 455). Other element would receive the click: <div class=\"bg-black\"></div>\n  (Session info: chrome=131.0.6778.264)\nStacktrace:\n\tGetHandleVerifier [0x0058FD53+23747]\n\t(No symbol) [0x00517D54]\n\t(No symbol) [0x003EBE53]\n\t(No symbol) [0x00435C57]\n\t(No symbol) [0x004340C3]\n\t(No symbol) [0x00431CCD]\n\t(No symbol) [0x00431034]\n\t(No symbol) [0x00425F57]\n\t(No symbol) [0x00451DFC]\n\t(No symbol) [0x004259A4]\n\t(No symbol) [0x00452094]\n\t(No symbol) [0x0046B41E]\n\t(No symbol) [0x00451B96]\n\t(No symbol) [0x00423F3C]\n\t(No symbol) [0x00424EBD]\n\tGetHandleVerifier [0x0086AC73+3017699]\n\tGetHandleVerifier [0x0087B93B+3086507]\n\tGetHandleVerifier [0x008740F2+3055714]\n\tGetHandleVerifier [0x00625AF0+637536]\n\t(No symbol) [0x00520A5D]\n\t(No symbol) [0x0051DA28]\n\t(No symbol) [0x0051DBC5]\n\t(No symbol) [0x005107F0]\n\tBaseThreadInitThunk [0x764DFCC9+25]\n\tRtlGetAppContainerNamedObjectPath [0x7753809E+286]\n\tRtlGetAppContainerNamedObjectPath [0x7753806E+238]\n\n", "trace": "  File \"C:\\Users\\UserNN\\PycharmProjects\\pythonLessons\\ProjectFlip\\pages\\login_page.py\", line 84, in authorization\n    self.click_enter_with_password()        # Нажимаем на кнопку Войти с паролем\n    ^^^^^^^^^^^^^^^^^^^^^^^^^^^^^^^^\n  File \"C:\\Users\\UserNN\\PycharmProjects\\pythonLessons\\ProjectFlip\\pages\\login_page.py\", line 56, in click_enter_with_password\n    self.get_enter_with_password().click()\n  File \"C:\\Users\\UserNN\\PycharmProjects\\pythonLessons\\mainProject\\.venv\\Lib\\site-packages\\selenium\\webdriver\\remote\\webelement.py\", line 94, in click\n    self._execute(Command.CLICK_ELEMENT)\n  File \"C:\\Users\\UserNN\\PycharmProjects\\pythonLessons\\mainProject\\.venv\\Lib\\site-packages\\selenium\\webdriver\\remote\\webelement.py\", line 395, in _execute\n    return self._parent.execute(command, params)\n           ^^^^^^^^^^^^^^^^^^^^^^^^^^^^^^^^^^^^^\n  File \"C:\\Users\\UserNN\\PycharmProjects\\pythonLessons\\mainProject\\.venv\\Lib\\site-packages\\selenium\\webdriver\\remote\\webdriver.py\", line 384, in execute\n    self.error_handler.check_response(response)\n  File \"C:\\Users\\UserNN\\PycharmProjects\\pythonLessons\\mainProject\\.venv\\Lib\\site-packages\\selenium\\webdriver\\remote\\errorhandler.py\", line 232, in check_response\n    raise exception_class(message, screen, stacktrace)\n"}, "start": 1736550764983, "stop": 1736550778291}], "attachments": [{"name": "stdout", "source": "246a13ef-5eda-4439-8b6c-5bc9f774cac2-attachment.txt", "type": "text/plain"}], "start": 1736550761588, "stop": 1736550778293, "uuid": "f6f4349d-39a1-4050-a8c1-7aec49439ac8", "historyId": "35655b9e34b71ca14d329576fb60402d", "testCaseId": "35655b9e34b71ca14d329576fb60402d", "fullName": "tests.test_delete_product#test_delete_product", "labels": [{"name": "parentSuite", "value": "tests"}, {"name": "suite", "value": "test_delete_product"}, {"name": "host", "value": "DESKTOP-VIUTVQJ"}, {"name": "thread", "value": "7452-MainThread"}, {"name": "framework", "value": "pytest"}, {"name": "language", "value": "cpython3"}, {"name": "package", "value": "tests.test_delete_product"}]}